<?xml version="1.0" encoding="UTF-8"?>
<!-- Generated by org.testng.reporters.JUnitXMLReporter -->
<testsuite ignored="1" hostname="MacBook-Pro.local" failures="1" tests="1" name="iPhone6Real" time="228.908" errors="0" timestamp="03 Jul 2020 06:35:01 GMT">
  <testcase classname="com.qa.tests.Scenario1" name="test2" time="205.366">
    <failure type="java.lang.AssertionError" message="The following asserts failed:
	expected [ Random Characters added for Testing ] but found [Random Characters added for Testing]">
      <![CDATA[java.lang.AssertionError: The following asserts failed:
expected [ Random Characters added for Testing ] but found [Random Characters added for Testing]
at com.qa.tests.Scenario1.test2(Scenario1.java:221)
... Removed 26 stack frames]]>
    </failure>
  </testcase> <!-- test2 -->
  <testcase classname="com.qa.tests.Scenario1" name="test1" time="0.0">
    <ignored/>
  </testcase> <!-- test1 -->
</testsuite> <!-- iPhone6Real -->
